2014-01-31 12:20:17: [Notice] __main__: Waiting for finger...
2014-01-31 12:20:17: [Warning] __main__: No finger found
2014-01-31 12:20:17: [Warning] __main__: No finger found
2014-01-31 12:20:17: [Warning] __main__: No finger found
2014-01-31 12:20:17: [Warning] __main__: No finger found
2014-01-31 12:20:18: [Warning] __main__: No finger found
2014-01-31 12:20:18: [Warning] __main__: No finger found
2014-01-31 12:20:18: [Warning] __main__: No finger found
2014-01-31 12:20:18: [Warning] __main__: No finger found
2014-01-31 12:20:18: [Warning] __main__: No finger found
2014-01-31 12:20:19: [Warning] __main__: No finger found
2014-01-31 12:20:19: [Warning] __main__: No finger found
2014-01-31 12:20:19: [Warning] __main__: No finger found
2014-01-31 12:20:19: [Warning] __main__: No finger found
2014-01-31 12:20:19: [Warning] __main__: No finger found
2014-01-31 12:20:19: [Warning] __main__: No finger found
2014-01-31 12:20:20: [Warning] __main__: No finger found
2014-01-31 12:20:20: [Warning] __main__: No finger found
2014-01-31 12:20:20: [Warning] __main__: No finger found
2014-01-31 12:20:20: [Warning] __main__: No finger found
2014-01-31 12:20:20: [Warning] __main__: No finger found
2014-01-31 12:20:21: [Warning] __main__: No finger found
2014-01-31 12:20:21: [Warning] __main__: No finger found
2014-01-31 12:20:21: [Notice] __main__: Image taken.
2014-01-31 12:20:22: [Notice] __main__: Did not found a match
2014-01-31 12:21:19: [Notice] __main__: Waiting for finger...
2014-01-31 12:21:19: [Warning] __main__: No finger found
2014-01-31 12:21:19: [Warning] __main__: No finger found
2014-01-31 12:21:19: [Warning] __main__: No finger found
2014-01-31 12:21:20: [Warning] __main__: No finger found
2014-01-31 12:21:20: [Warning] __main__: No finger found
2014-01-31 12:21:20: [Warning] __main__: No finger found
2014-01-31 12:21:20: [Notice] __main__: Image taken.
2014-01-31 12:21:21: [Notice] __main__: Found a match.
2014-01-31 12:21:30: [Notice] __main__: Waiting for finger...
2014-01-31 12:21:30: [Warning] __main__: No finger found
2014-01-31 12:21:30: [Warning] __main__: No finger found
2014-01-31 12:21:30: [Warning] __main__: No finger found
2014-01-31 12:21:30: [Notice] __main__: Image taken.
2014-01-31 12:21:31: [Notice] __main__: Found a match.
